<?xml version="1.0" encoding="UTF-8"?>
<testsuite name="SimpleBankSystemTest" tests="1" skipped="0" failures="0" errors="0" timestamp="2021-04-30T00:19:53" hostname="DESKTOP-5ORH79J" time="0.773">
  <properties/>
  <testcase name="start" classname="SimpleBankSystemTest" time="0.773"/>
  <system-out><![CDATA[?[1;31m
Start test 1?[0m
1. Create an account
2. Log into account
0. Exit
>> 0

?[1;31m
Start test 2?[0m
1. Create an account
2. Log into account
0. Exit
>> 0

?[1;31m
Start test 3?[0m
1. Create an account
2. Log into account
0. Exit
>> 0

?[1;31m
Start test 4?[0m
1. Create an account
2. Log into account
0. Exit
>> 0

?[1;31m
Start test 5?[0m
1. Create an account
2. Log into account
0. Exit
>> 1

Your card has been created
Your card number:
4000000000000002
Your card PIN:
2460

1. Create an account
2. Log into account
0. Exit
>> 1

Your card has been created
Your card number:
4000000000000010
Your card PIN:
5224

1. Create an account
2. Log into account
0. Exit
>> 1

Your card has been created
Your card number:
4000000000000028
Your card PIN:
3270

1. Create an account
2. Log into account
0. Exit
>> 1

Your card has been created
Your card number:
4000000000000036
Your card PIN:
3600

1. Create an account
2. Log into account
0. Exit
>> 1

Your card has been created
Your card number:
4000000000000044
Your card PIN:
4387

1. Create an account
2. Log into account
0. Exit
>> 0

4000000000000002
4000000000000010
4000000000000028
4000000000000036
4000000000000044
?[1;31m
Start test 6?[0m
1. Create an account
2. Log into account
0. Exit
>> 1

Your card has been created
Your card number:
4000000000000051
Your card PIN:
9440

1. Create an account
2. Log into account
0. Exit
>> 2

Enter your card number:
>> 4000000000000051
Enter your PIN:
>> 9440

You have successfully logged in!

1. Balance
2. Add income
3. Do transfer
4. Close account
5. Log out
0. Exit
>> 0

?[1;31m
Start test 7?[0m
1. Create an account
2. Log into account
0. Exit
>> 1

Your card has been created
Your card number:
4000000000000069
Your card PIN:
8271

1. Create an account
2. Log into account
0. Exit
>> 2

Enter your card number:
>> 4000000000000069
Enter your PIN:
>> 6556

Wrong card number or PIN!

1. Create an account
2. Log into account
0. Exit
>> 0

?[1;31m
Start test 8?[0m
1. Create an account
2. Log into account
0. Exit
>> 1

Your card has been created
Your card number:
4000000000000077
Your card PIN:
6307

1. Create an account
2. Log into account
0. Exit
>> 2

Enter your card number:
>> 400000415132531
Enter your PIN:
>> 6307

Wrong card number or PIN!

1. Create an account
2. Log into account
0. Exit
>> 0

?[1;31m
Start test 9?[0m
1. Create an account
2. Log into account
0. Exit
>> 1

Your card has been created
Your card number:
4000000000000085
Your card PIN:
5488

1. Create an account
2. Log into account
0. Exit
>> 2

Enter your card number:
>> 4000000000000085
Enter your PIN:
>> 5488

You have successfully logged in!

1. Balance
2. Add income
3. Do transfer
4. Close account
5. Log out
0. Exit
>> 1

Balance: 0

1. Balance
2. Add income
3. Do transfer
4. Close account
5. Log out
0. Exit
>> 0

?[1;31m
Start test 10?[0m
1. Create an account
2. Log into account
0. Exit
>> 1

Your card has been created
Your card number:
4000000000000002
Your card PIN:
6624

1. Create an account
2. Log into account
0. Exit
>> 2

Enter your card number:
>> 4000000000000002
Enter your PIN:
>> 6624

You have successfully logged in!

1. Balance
2. Add income
3. Do transfer
4. Close account
5. Log out
0. Exit
>> 2

Enter income:
>> 10000

Income was added!

1. Balance
2. Add income
3. Do transfer
4. Close account
5. Log out
0. Exit
>> 0

1. Create an account
2. Log into account
0. Exit
>> 2

Enter your card number:
>> 4000000000000002
Enter your PIN:
>> 6624

You have successfully logged in!

1. Balance
2. Add income
3. Do transfer
4. Close account
5. Log out
0. Exit
>> 2

Enter income:
>> 15000

Income was added!

1. Balance
2. Add income
3. Do transfer
4. Close account
5. Log out
0. Exit
>> 0

?[1;31m
Start test 11?[0m
1. Create an account
2. Log into account
0. Exit
>> 1

Your card has been created
Your card number:
4000000000000002
Your card PIN:
4529

1. Create an account
2. Log into account
0. Exit
>> 1

Your card has been created
Your card number:
4000000000000010
Your card PIN:
4282

1. Create an account
2. Log into account
0. Exit
>> 2

Enter your card number:
>> 4000000000000010
Enter your PIN:
>> 4282

You have successfully logged in!

1. Balance
2. Add income
3. Do transfer
4. Close account
5. Log out
0. Exit
>> 3

Enter card number:
>> 2000007269641764
Probably you made a mistake in the card number. Please try again!

1. Balance
2. Add income
3. Do transfer
4. Close account
5. Log out
0. Exit
>> 3

Enter card number:
>> 2000007269641768
Such a card does not exist.

1. Balance
2. Add income
3. Do transfer
4. Close account
5. Log out
0. Exit
>> 3

Enter card number:
>> 4000000000000002
Enter how much money you want to transfer:
>> 100000
Not enough money!

1. Balance
2. Add income
3. Do transfer
4. Close account
5. Log out
0. Exit
>> 2

Enter income:
>> 20000

Income was added!

1. Balance
2. Add income
3. Do transfer
4. Close account
5. Log out
0. Exit
>> 3

Enter card number:
>> 4000000000000002
Enter how much money you want to transfer:
>> 10000
Success!

1. Balance
2. Add income
3. Do transfer
4. Close account
5. Log out
0. Exit
>> 0

?[1;31m
Start test 12?[0m
1. Create an account
2. Log into account
0. Exit
>> 1

Your card has been created
Your card number:
4000000000000002
Your card PIN:
8934

1. Create an account
2. Log into account
0. Exit
>> 2

Enter your card number:
>> 4000000000000002
Enter your PIN:
>> 8934

You have successfully logged in!

1. Balance
2. Add income
3. Do transfer
4. Close account
5. Log out
0. Exit
>> 4

The account has been closed!

1. Create an account
2. Log into account
0. Exit
>> 0

]]></system-out>
  <system-err><![CDATA[]]></system-err>
</testsuite>
